2017/06/29 17:58:46 [I] Load account from /Users/yangchao/.qshell/account.json
2017/06/29 17:58:47 [I] Listing local sync dir, this can take a long time for big directory, please wait patiently
2017/06/29 17:58:47 [I] Walk `/Users/yangchao/octopress/source/images` start from 2017-06-29 17:58:47.295435762 +0800 CST
2017/06/29 17:58:47 [I] Walking through `/Users/yangchao/octopress/source/images`
2017/06/29 17:58:47 [I] Walking through `/Users/yangchao/octopress/source/images/social`
2017/06/29 17:58:47 [I] Walk `/Users/yangchao/octopress/source/images` end at 2017-06-29 17:58:47.295970742 +0800 CST
2017/06/29 17:58:47 [I] Walk `/Users/yangchao/octopress/source/images` last for 548.386µs
2017/06/29 17:58:47 [I] Total file count cached 25
2017/06/29 17:58:47 [I] Skip by suffix `.DS_Store` for local file `.DS_Store`
2017/06/29 17:58:47 [I] Uploading file /Users/yangchao/octopress/source/images/bird_32_gray.png => github : <Key Prefix>bird_32_gray.png
2017/06/29 17:58:47 [E] Form upload file `/Users/yangchao/octopress/source/images/bird_32_gray.png` => `<Key Prefix>bird_32_gray.png` failed due to nerror `Post %3CUpload%20Host%3E: unsupported protocol scheme ""`
2017/06/29 17:58:47 [I] Uploading file /Users/yangchao/octopress/source/images/bird_32_gray_fail.png => github : <Key Prefix>bird_32_gray_fail.png
2017/06/29 17:58:47 [E] Form upload file `/Users/yangchao/octopress/source/images/bird_32_gray_fail.png` => `<Key Prefix>bird_32_gray_fail.png` failed due to nerror `Post %3CUpload%20Host%3E: unsupported protocol scheme ""`
2017/06/29 17:58:48 [I] Uploading file /Users/yangchao/octopress/source/images/code_bg.png => github : <Key Prefix>code_bg.png
2017/06/29 17:58:48 [E] Form upload file `/Users/yangchao/octopress/source/images/code_bg.png` => `<Key Prefix>code_bg.png` failed due to nerror `Post %3CUpload%20Host%3E: unsupported protocol scheme ""`
2017/06/29 17:58:48 [I] Uploading file /Users/yangchao/octopress/source/images/dotted-border.png => github : <Key Prefix>dotted-border.png
2017/06/29 17:58:48 [E] Form upload file `/Users/yangchao/octopress/source/images/dotted-border.png` => `<Key Prefix>dotted-border.png` failed due to nerror `Post %3CUpload%20Host%3E: unsupported protocol scheme ""`
2017/06/29 17:58:48 [I] Uploading file /Users/yangchao/octopress/source/images/dp.jpg => github : <Key Prefix>dp.jpg
2017/06/29 17:58:48 [E] Form upload file `/Users/yangchao/octopress/source/images/dp.jpg` => `<Key Prefix>dp.jpg` failed due to nerror `Post %3CUpload%20Host%3E: unsupported protocol scheme ""`
2017/06/29 17:58:48 [I] Uploading file /Users/yangchao/octopress/source/images/email.png => github : <Key Prefix>email.png
2017/06/29 17:58:48 [E] Form upload file `/Users/yangchao/octopress/source/images/email.png` => `<Key Prefix>email.png` failed due to nerror `Post %3CUpload%20Host%3E: unsupported protocol scheme ""`
2017/06/29 17:58:49 [I] Uploading file /Users/yangchao/octopress/source/images/line-tile.png => github : <Key Prefix>line-tile.png
2017/06/29 17:58:49 [E] Form upload file `/Users/yangchao/octopress/source/images/line-tile.png` => `<Key Prefix>line-tile.png` failed due to nerror `Post %3CUpload%20Host%3E: unsupported protocol scheme ""`
2017/06/29 17:58:49 [I] Uploading file /Users/yangchao/octopress/source/images/loading_gray.gif => github : <Key Prefix>loading_gray.gif
2017/06/29 17:58:49 [E] Form upload file `/Users/yangchao/octopress/source/images/loading_gray.gif` => `<Key Prefix>loading_gray.gif` failed due to nerror `Post %3CUpload%20Host%3E: unsupported protocol scheme ""`
2017/06/29 17:58:49 [I] Uploading file /Users/yangchao/octopress/source/images/loading_pacman.gif => github : <Key Prefix>loading_pacman.gif
2017/06/29 17:58:49 [E] Form upload file `/Users/yangchao/octopress/source/images/loading_pacman.gif` => `<Key Prefix>loading_pacman.gif` failed due to nerror `Post %3CUpload%20Host%3E: unsupported protocol scheme ""`
2017/06/29 17:58:49 [I] Uploading file /Users/yangchao/octopress/source/images/noise.png => github : <Key Prefix>noise.png
2017/06/29 17:58:49 [E] Form upload file `/Users/yangchao/octopress/source/images/noise.png` => `<Key Prefix>noise.png` failed due to nerror `Post %3CUpload%20Host%3E: unsupported protocol scheme ""`
2017/06/29 17:58:49 [I] Uploading file /Users/yangchao/octopress/source/images/rss.png => github : <Key Prefix>rss.png
2017/06/29 17:58:49 [E] Form upload file `/Users/yangchao/octopress/source/images/rss.png` => `<Key Prefix>rss.png` failed due to nerror `Post %3CUpload%20Host%3E: unsupported protocol scheme ""`
2017/06/29 17:58:49 [I] Uploading file /Users/yangchao/octopress/source/images/search.png => github : <Key Prefix>search.png
2017/06/29 17:58:49 [E] Form upload file `/Users/yangchao/octopress/source/images/search.png` => `<Key Prefix>search.png` failed due to nerror `Post %3CUpload%20Host%3E: unsupported protocol scheme ""`
2017/06/29 17:58:50 [I] Uploading file /Users/yangchao/octopress/source/images/social/coderwall.png => github : <Key Prefix>social/coderwall.png
2017/06/29 17:58:50 [E] Form upload file `/Users/yangchao/octopress/source/images/social/coderwall.png` => `<Key Prefix>social/coderwall.png` failed due to nerror `Post %3CUpload%20Host%3E: unsupported protocol scheme ""`
2017/06/29 17:58:50 [I] Uploading file /Users/yangchao/octopress/source/images/social/delicious.png => github : <Key Prefix>social/delicious.png
2017/06/29 17:58:50 [E] Form upload file `/Users/yangchao/octopress/source/images/social/delicious.png` => `<Key Prefix>social/delicious.png` failed due to nerror `Post %3CUpload%20Host%3E: unsupported protocol scheme ""`
2017/06/29 17:58:50 [I] Uploading file /Users/yangchao/octopress/source/images/social/facebook.png => github : <Key Prefix>social/facebook.png
2017/06/29 17:58:50 [E] Form upload file `/Users/yangchao/octopress/source/images/social/facebook.png` => `<Key Prefix>social/facebook.png` failed due to nerror `Post %3CUpload%20Host%3E: unsupported protocol scheme ""`
2017/06/29 17:58:50 [I] Uploading file /Users/yangchao/octopress/source/images/social/flickr.png => github : <Key Prefix>social/flickr.png
2017/06/29 17:58:50 [E] Form upload file `/Users/yangchao/octopress/source/images/social/flickr.png` => `<Key Prefix>social/flickr.png` failed due to nerror `Post %3CUpload%20Host%3E: unsupported protocol scheme ""`
2017/06/29 17:58:50 [I] Uploading file /Users/yangchao/octopress/source/images/social/github.png => github : <Key Prefix>social/github.png
2017/06/29 17:58:50 [E] Form upload file `/Users/yangchao/octopress/source/images/social/github.png` => `<Key Prefix>social/github.png` failed due to nerror `Post %3CUpload%20Host%3E: unsupported protocol scheme ""`
2017/06/29 17:58:50 [I] Uploading file /Users/yangchao/octopress/source/images/social/google.png => github : <Key Prefix>social/google.png
2017/06/29 17:58:50 [E] Form upload file `/Users/yangchao/octopress/source/images/social/google.png` => `<Key Prefix>social/google.png` failed due to nerror `Post %3CUpload%20Host%3E: unsupported protocol scheme ""`
2017/06/29 17:58:50 [I] Uploading file /Users/yangchao/octopress/source/images/social/linkedin.png => github : <Key Prefix>social/linkedin.png
2017/06/29 17:58:50 [E] Form upload file `/Users/yangchao/octopress/source/images/social/linkedin.png` => `<Key Prefix>social/linkedin.png` failed due to nerror `Post %3CUpload%20Host%3E: unsupported protocol scheme ""`
2017/06/29 17:58:50 [I] Uploading file /Users/yangchao/octopress/source/images/social/pinboard.png => github : <Key Prefix>social/pinboard.png
2017/06/29 17:58:50 [E] Form upload file `/Users/yangchao/octopress/source/images/social/pinboard.png` => `<Key Prefix>social/pinboard.png` failed due to nerror `Post %3CUpload%20Host%3E: unsupported protocol scheme ""`
2017/06/29 17:58:50 [I] Uploading file /Users/yangchao/octopress/source/images/social/pinterest.png => github : <Key Prefix>social/pinterest.png
2017/06/29 17:58:50 [E] Form upload file `/Users/yangchao/octopress/source/images/social/pinterest.png` => `<Key Prefix>social/pinterest.png` failed due to nerror `Post %3CUpload%20Host%3E: unsupported protocol scheme ""`
2017/06/29 17:58:50 [I] Uploading file /Users/yangchao/octopress/source/images/social/rss.png => github : <Key Prefix>social/rss.png
2017/06/29 17:58:50 [E] Form upload file `/Users/yangchao/octopress/source/images/social/rss.png` => `<Key Prefix>social/rss.png` failed due to nerror `Post %3CUpload%20Host%3E: unsupported protocol scheme ""`
2017/06/29 17:58:50 [I] Uploading file /Users/yangchao/octopress/source/images/social/twitter.png => github : <Key Prefix>social/twitter.png
2017/06/29 17:58:50 [E] Form upload file `/Users/yangchao/octopress/source/images/social/twitter.png` => `<Key Prefix>social/twitter.png` failed due to nerror `Post %3CUpload%20Host%3E: unsupported protocol scheme ""`
2017/06/29 17:58:50 [I] Uploading file /Users/yangchao/octopress/source/images/weifenfangcheng-1.png => github : <Key Prefix>weifenfangcheng-1.png
2017/06/29 17:58:50 [E] Form upload file `/Users/yangchao/octopress/source/images/weifenfangcheng-1.png` => `<Key Prefix>weifenfangcheng-1.png` failed due to nerror `Post %3CUpload%20Host%3E: unsupported protocol scheme ""`
2017/06/29 17:58:50 [I] -------------Upload Result--------------
2017/06/29 17:58:50 [I]               Total:        25
2017/06/29 17:58:50 [I]             Success:         0
2017/06/29 17:58:50 [I]             Failure:        24
2017/06/29 17:58:50 [I]        NotOverwrite:         0
2017/06/29 17:58:50 [I]             Skipped:         1
2017/06/29 17:58:50 [I]            Duration:   4.040133574s
2017/06/29 17:58:50 [I] ----------------------------------------
2017/06/29 18:07:34 [I] Load account from /Users/yangchao/.qshell/account.json
2017/06/29 18:07:36 [I] Listing local sync dir, this can take a long time for big directory, please wait patiently
2017/06/29 18:07:36 [I] Walk `/Users/yangchao/octopress/source/images` start from 2017-06-29 18:07:36.208279973 +0800 CST
2017/06/29 18:07:36 [I] Walking through `/Users/yangchao/octopress/source/images`
2017/06/29 18:07:36 [I] Walking through `/Users/yangchao/octopress/source/images/social`
2017/06/29 18:07:36 [I] Walk `/Users/yangchao/octopress/source/images` end at 2017-06-29 18:07:36.208600548 +0800 CST
2017/06/29 18:07:36 [I] Walk `/Users/yangchao/octopress/source/images` last for 328.304µs
2017/06/29 18:07:36 [I] Total file count cached 25
2017/06/29 18:07:36 [I] Skip by suffix `.DS_Store` for local file `.DS_Store`
2017/06/29 18:07:36 [I] Uploading file /Users/yangchao/octopress/source/images/bird_32_gray.png => github : <Key Prefix>bird_32_gray.png
2017/06/29 18:07:36 [E] Form upload file `/Users/yangchao/octopress/source/images/bird_32_gray.png` => `<Key Prefix>bird_32_gray.png` failed due to nerror `Post %3CUpload%20Host%3E: unsupported protocol scheme ""`
2017/06/29 18:07:36 [I] Uploading file /Users/yangchao/octopress/source/images/bird_32_gray_fail.png => github : <Key Prefix>bird_32_gray_fail.png
2017/06/29 18:07:36 [E] Form upload file `/Users/yangchao/octopress/source/images/bird_32_gray_fail.png` => `<Key Prefix>bird_32_gray_fail.png` failed due to nerror `Post %3CUpload%20Host%3E: unsupported protocol scheme ""`
2017/06/29 18:07:36 [I] Uploading file /Users/yangchao/octopress/source/images/code_bg.png => github : <Key Prefix>code_bg.png
2017/06/29 18:07:36 [E] Form upload file `/Users/yangchao/octopress/source/images/code_bg.png` => `<Key Prefix>code_bg.png` failed due to nerror `Post %3CUpload%20Host%3E: unsupported protocol scheme ""`
2017/06/29 18:07:36 [I] Uploading file /Users/yangchao/octopress/source/images/dotted-border.png => github : <Key Prefix>dotted-border.png
2017/06/29 18:07:36 [E] Form upload file `/Users/yangchao/octopress/source/images/dotted-border.png` => `<Key Prefix>dotted-border.png` failed due to nerror `Post %3CUpload%20Host%3E: unsupported protocol scheme ""`
2017/06/29 18:07:37 [I] Uploading file /Users/yangchao/octopress/source/images/dp.jpg => github : <Key Prefix>dp.jpg
2017/06/29 18:07:37 [E] Form upload file `/Users/yangchao/octopress/source/images/dp.jpg` => `<Key Prefix>dp.jpg` failed due to nerror `Post %3CUpload%20Host%3E: unsupported protocol scheme ""`
2017/06/29 18:07:37 [I] Uploading file /Users/yangchao/octopress/source/images/email.png => github : <Key Prefix>email.png
2017/06/29 18:07:37 [E] Form upload file `/Users/yangchao/octopress/source/images/email.png` => `<Key Prefix>email.png` failed due to nerror `Post %3CUpload%20Host%3E: unsupported protocol scheme ""`
2017/06/29 18:07:37 [I] Uploading file /Users/yangchao/octopress/source/images/line-tile.png => github : <Key Prefix>line-tile.png
2017/06/29 18:07:37 [E] Form upload file `/Users/yangchao/octopress/source/images/line-tile.png` => `<Key Prefix>line-tile.png` failed due to nerror `Post %3CUpload%20Host%3E: unsupported protocol scheme ""`
2017/06/29 18:07:37 [I] Uploading file /Users/yangchao/octopress/source/images/loading_gray.gif => github : <Key Prefix>loading_gray.gif
2017/06/29 18:07:37 [E] Form upload file `/Users/yangchao/octopress/source/images/loading_gray.gif` => `<Key Prefix>loading_gray.gif` failed due to nerror `Post %3CUpload%20Host%3E: unsupported protocol scheme ""`
2017/06/29 18:07:37 [I] Uploading file /Users/yangchao/octopress/source/images/loading_pacman.gif => github : <Key Prefix>loading_pacman.gif
2017/06/29 18:07:37 [E] Form upload file `/Users/yangchao/octopress/source/images/loading_pacman.gif` => `<Key Prefix>loading_pacman.gif` failed due to nerror `Post %3CUpload%20Host%3E: unsupported protocol scheme ""`
2017/06/29 18:07:37 [I] Uploading file /Users/yangchao/octopress/source/images/noise.png => github : <Key Prefix>noise.png
2017/06/29 18:07:37 [E] Form upload file `/Users/yangchao/octopress/source/images/noise.png` => `<Key Prefix>noise.png` failed due to nerror `Post %3CUpload%20Host%3E: unsupported protocol scheme ""`
2017/06/29 18:07:37 [I] Uploading file /Users/yangchao/octopress/source/images/rss.png => github : <Key Prefix>rss.png
2017/06/29 18:07:37 [E] Form upload file `/Users/yangchao/octopress/source/images/rss.png` => `<Key Prefix>rss.png` failed due to nerror `Post %3CUpload%20Host%3E: unsupported protocol scheme ""`
2017/06/29 18:07:37 [I] Uploading file /Users/yangchao/octopress/source/images/search.png => github : <Key Prefix>search.png
2017/06/29 18:07:37 [E] Form upload file `/Users/yangchao/octopress/source/images/search.png` => `<Key Prefix>search.png` failed due to nerror `Post %3CUpload%20Host%3E: unsupported protocol scheme ""`
2017/06/29 18:07:37 [I] Uploading file /Users/yangchao/octopress/source/images/social/coderwall.png => github : <Key Prefix>social/coderwall.png
2017/06/29 18:07:37 [E] Form upload file `/Users/yangchao/octopress/source/images/social/coderwall.png` => `<Key Prefix>social/coderwall.png` failed due to nerror `Post %3CUpload%20Host%3E: unsupported protocol scheme ""`
2017/06/29 18:07:38 [I] Uploading file /Users/yangchao/octopress/source/images/social/delicious.png => github : <Key Prefix>social/delicious.png
2017/06/29 18:07:38 [E] Form upload file `/Users/yangchao/octopress/source/images/social/delicious.png` => `<Key Prefix>social/delicious.png` failed due to nerror `Post %3CUpload%20Host%3E: unsupported protocol scheme ""`
2017/06/29 18:07:38 [I] Uploading file /Users/yangchao/octopress/source/images/social/facebook.png => github : <Key Prefix>social/facebook.png
2017/06/29 18:07:38 [E] Form upload file `/Users/yangchao/octopress/source/images/social/facebook.png` => `<Key Prefix>social/facebook.png` failed due to nerror `Post %3CUpload%20Host%3E: unsupported protocol scheme ""`
2017/06/29 18:07:38 [I] Uploading file /Users/yangchao/octopress/source/images/social/flickr.png => github : <Key Prefix>social/flickr.png
2017/06/29 18:07:38 [E] Form upload file `/Users/yangchao/octopress/source/images/social/flickr.png` => `<Key Prefix>social/flickr.png` failed due to nerror `Post %3CUpload%20Host%3E: unsupported protocol scheme ""`
2017/06/29 18:07:38 [I] Uploading file /Users/yangchao/octopress/source/images/social/github.png => github : <Key Prefix>social/github.png
2017/06/29 18:07:38 [E] Form upload file `/Users/yangchao/octopress/source/images/social/github.png` => `<Key Prefix>social/github.png` failed due to nerror `Post %3CUpload%20Host%3E: unsupported protocol scheme ""`
2017/06/29 18:07:38 [I] Uploading file /Users/yangchao/octopress/source/images/social/google.png => github : <Key Prefix>social/google.png
2017/06/29 18:07:38 [E] Form upload file `/Users/yangchao/octopress/source/images/social/google.png` => `<Key Prefix>social/google.png` failed due to nerror `Post %3CUpload%20Host%3E: unsupported protocol scheme ""`
2017/06/29 18:07:38 [I] Uploading file /Users/yangchao/octopress/source/images/social/linkedin.png => github : <Key Prefix>social/linkedin.png
2017/06/29 18:07:38 [E] Form upload file `/Users/yangchao/octopress/source/images/social/linkedin.png` => `<Key Prefix>social/linkedin.png` failed due to nerror `Post %3CUpload%20Host%3E: unsupported protocol scheme ""`
2017/06/29 18:07:38 [I] Uploading file /Users/yangchao/octopress/source/images/social/pinboard.png => github : <Key Prefix>social/pinboard.png
2017/06/29 18:07:38 [E] Form upload file `/Users/yangchao/octopress/source/images/social/pinboard.png` => `<Key Prefix>social/pinboard.png` failed due to nerror `Post %3CUpload%20Host%3E: unsupported protocol scheme ""`
2017/06/29 18:07:38 [I] Uploading file /Users/yangchao/octopress/source/images/social/pinterest.png => github : <Key Prefix>social/pinterest.png
2017/06/29 18:07:38 [E] Form upload file `/Users/yangchao/octopress/source/images/social/pinterest.png` => `<Key Prefix>social/pinterest.png` failed due to nerror `Post %3CUpload%20Host%3E: unsupported protocol scheme ""`
2017/06/29 18:07:39 [I] Uploading file /Users/yangchao/octopress/source/images/social/rss.png => github : <Key Prefix>social/rss.png
2017/06/29 18:07:39 [E] Form upload file `/Users/yangchao/octopress/source/images/social/rss.png` => `<Key Prefix>social/rss.png` failed due to nerror `Post %3CUpload%20Host%3E: unsupported protocol scheme ""`
2017/06/29 18:07:39 [I] Uploading file /Users/yangchao/octopress/source/images/social/twitter.png => github : <Key Prefix>social/twitter.png
2017/06/29 18:07:39 [E] Form upload file `/Users/yangchao/octopress/source/images/social/twitter.png` => `<Key Prefix>social/twitter.png` failed due to nerror `Post %3CUpload%20Host%3E: unsupported protocol scheme ""`
2017/06/29 18:07:39 [I] Uploading file /Users/yangchao/octopress/source/images/weifenfangcheng-1.png => github : <Key Prefix>weifenfangcheng-1.png
2017/06/29 18:07:39 [E] Form upload file `/Users/yangchao/octopress/source/images/weifenfangcheng-1.png` => `<Key Prefix>weifenfangcheng-1.png` failed due to nerror `Post %3CUpload%20Host%3E: unsupported protocol scheme ""`
2017/06/29 18:07:39 [I] -------------Upload Result--------------
2017/06/29 18:07:39 [I]               Total:        25
2017/06/29 18:07:39 [I]             Success:         0
2017/06/29 18:07:39 [I]             Failure:        24
2017/06/29 18:07:39 [I]        NotOverwrite:         0
2017/06/29 18:07:39 [I]             Skipped:         1
2017/06/29 18:07:39 [I]            Duration:    4.46077821s
2017/06/29 18:07:39 [I] ----------------------------------------
2017/06/29 18:17:09 [I] Load account from /Users/yangchao/.qshell/account.json
2017/06/29 18:17:09 [I] Listing local sync dir, this can take a long time for big directory, please wait patiently
2017/06/29 18:17:09 [I] Walk `/Users/yangchao/octopress/source/images` start from 2017-06-29 18:17:09.786225651 +0800 CST
2017/06/29 18:17:09 [I] Walking through `/Users/yangchao/octopress/source/images`
2017/06/29 18:17:09 [I] Walking through `/Users/yangchao/octopress/source/images/social`
2017/06/29 18:17:09 [I] Walk `/Users/yangchao/octopress/source/images` end at 2017-06-29 18:17:09.786796898 +0800 CST
2017/06/29 18:17:09 [I] Walk `/Users/yangchao/octopress/source/images` last for 598.342µs
2017/06/29 18:17:09 [I] Total file count cached 25
2017/06/29 18:17:09 [I] Skip by suffix `.DS_Store` for local file `.DS_Store`
2017/06/29 18:17:10 [I] Uploading file /Users/yangchao/octopress/source/images/bird_32_gray.png => github : <Key Prefix>bird_32_gray.png
2017/06/29 18:17:10 [I] Uploading file /Users/yangchao/octopress/source/images/bird_32_gray_fail.png => github : <Key Prefix>bird_32_gray_fail.png
2017/06/29 18:17:11 [I] Uploading file /Users/yangchao/octopress/source/images/code_bg.png => github : <Key Prefix>code_bg.png
2017/06/29 18:17:11 [I] Uploading file /Users/yangchao/octopress/source/images/dotted-border.png => github : <Key Prefix>dotted-border.png
2017/06/29 18:17:12 [I] Uploading file /Users/yangchao/octopress/source/images/dp.jpg => github : <Key Prefix>dp.jpg
2017/06/29 18:17:12 [I] Upload file `/Users/yangchao/octopress/source/images/bird_32_gray_fail.png` => `<Key Prefix>bird_32_gray_fail.png` success
2017/06/29 18:17:13 [I] Uploading file /Users/yangchao/octopress/source/images/email.png => github : <Key Prefix>email.png
2017/06/29 18:17:13 [I] Upload file `/Users/yangchao/octopress/source/images/code_bg.png` => `<Key Prefix>code_bg.png` success
2017/06/29 18:17:13 [I] Upload file `/Users/yangchao/octopress/source/images/bird_32_gray.png` => `<Key Prefix>bird_32_gray.png` success
2017/06/29 18:17:13 [I] Uploading file /Users/yangchao/octopress/source/images/line-tile.png => github : <Key Prefix>line-tile.png
2017/06/29 18:17:13 [I] Upload file `/Users/yangchao/octopress/source/images/dotted-border.png` => `<Key Prefix>dotted-border.png` success
2017/06/29 18:17:13 [I] Uploading file /Users/yangchao/octopress/source/images/loading_gray.gif => github : <Key Prefix>loading_gray.gif
2017/06/29 18:17:13 [I] Upload file `/Users/yangchao/octopress/source/images/email.png` => `<Key Prefix>email.png` success
2017/06/29 18:17:14 [I] Uploading file /Users/yangchao/octopress/source/images/loading_pacman.gif => github : <Key Prefix>loading_pacman.gif
2017/06/29 18:17:14 [I] Upload file `/Users/yangchao/octopress/source/images/dp.jpg` => `<Key Prefix>dp.jpg` success
2017/06/29 18:17:14 [I] Uploading file /Users/yangchao/octopress/source/images/noise.png => github : <Key Prefix>noise.png
2017/06/29 18:17:14 [I] Uploading file /Users/yangchao/octopress/source/images/rss.png => github : <Key Prefix>rss.png
2017/06/29 18:17:17 [I] Upload file `/Users/yangchao/octopress/source/images/line-tile.png` => `<Key Prefix>line-tile.png` success
2017/06/29 18:17:17 [I] Upload file `/Users/yangchao/octopress/source/images/loading_gray.gif` => `<Key Prefix>loading_gray.gif` success
2017/06/29 18:17:17 [I] Uploading file /Users/yangchao/octopress/source/images/search.png => github : <Key Prefix>search.png
2017/06/29 18:17:18 [I] Upload file `/Users/yangchao/octopress/source/images/loading_pacman.gif` => `<Key Prefix>loading_pacman.gif` success
2017/06/29 18:17:18 [I] Uploading file /Users/yangchao/octopress/source/images/social/coderwall.png => github : <Key Prefix>social/coderwall.png
2017/06/29 18:17:18 [I] Upload file `/Users/yangchao/octopress/source/images/rss.png` => `<Key Prefix>rss.png` success
2017/06/29 18:17:20 [I] Upload file `/Users/yangchao/octopress/source/images/search.png` => `<Key Prefix>search.png` success
2017/06/29 18:17:20 [I] Upload file `/Users/yangchao/octopress/source/images/noise.png` => `<Key Prefix>noise.png` success
2017/06/29 18:17:20 [I] Uploading file /Users/yangchao/octopress/source/images/social/delicious.png => github : <Key Prefix>social/delicious.png
2017/06/29 18:17:21 [I] Uploading file /Users/yangchao/octopress/source/images/social/facebook.png => github : <Key Prefix>social/facebook.png
2017/06/29 18:17:21 [I] Uploading file /Users/yangchao/octopress/source/images/social/flickr.png => github : <Key Prefix>social/flickr.png
2017/06/29 18:17:21 [I] Upload file `/Users/yangchao/octopress/source/images/social/delicious.png` => `<Key Prefix>social/delicious.png` success
2017/06/29 18:17:21 [I] Upload file `/Users/yangchao/octopress/source/images/social/coderwall.png` => `<Key Prefix>social/coderwall.png` success
2017/06/29 18:17:21 [I] Uploading file /Users/yangchao/octopress/source/images/social/github.png => github : <Key Prefix>social/github.png
2017/06/29 18:17:21 [I] Upload file `/Users/yangchao/octopress/source/images/social/facebook.png` => `<Key Prefix>social/facebook.png` success
2017/06/29 18:17:21 [I] Uploading file /Users/yangchao/octopress/source/images/social/google.png => github : <Key Prefix>social/google.png
2017/06/29 18:17:21 [I] Upload file `/Users/yangchao/octopress/source/images/social/flickr.png` => `<Key Prefix>social/flickr.png` success
2017/06/29 18:17:22 [I] Uploading file /Users/yangchao/octopress/source/images/social/linkedin.png => github : <Key Prefix>social/linkedin.png
2017/06/29 18:17:22 [I] Upload file `/Users/yangchao/octopress/source/images/social/github.png` => `<Key Prefix>social/github.png` success
2017/06/29 18:17:22 [I] Uploading file /Users/yangchao/octopress/source/images/social/pinboard.png => github : <Key Prefix>social/pinboard.png
2017/06/29 18:17:22 [I] Upload file `/Users/yangchao/octopress/source/images/social/google.png` => `<Key Prefix>social/google.png` success
2017/06/29 18:17:22 [I] Uploading file /Users/yangchao/octopress/source/images/social/pinterest.png => github : <Key Prefix>social/pinterest.png
2017/06/29 18:17:22 [I] Upload file `/Users/yangchao/octopress/source/images/social/linkedin.png` => `<Key Prefix>social/linkedin.png` success
2017/06/29 18:17:22 [I] Uploading file /Users/yangchao/octopress/source/images/social/rss.png => github : <Key Prefix>social/rss.png
2017/06/29 18:17:22 [I] Upload file `/Users/yangchao/octopress/source/images/social/pinboard.png` => `<Key Prefix>social/pinboard.png` success
2017/06/29 18:17:23 [I] Uploading file /Users/yangchao/octopress/source/images/social/twitter.png => github : <Key Prefix>social/twitter.png
2017/06/29 18:17:23 [I] Upload file `/Users/yangchao/octopress/source/images/social/pinterest.png` => `<Key Prefix>social/pinterest.png` success
2017/06/29 18:17:23 [I] Uploading file /Users/yangchao/octopress/source/images/weifenfangcheng-1.png => github : <Key Prefix>weifenfangcheng-1.png
2017/06/29 18:17:23 [I] Upload file `/Users/yangchao/octopress/source/images/social/rss.png` => `<Key Prefix>social/rss.png` success
2017/06/29 18:17:23 [I] Upload file `/Users/yangchao/octopress/source/images/social/twitter.png` => `<Key Prefix>social/twitter.png` success
2017/06/29 18:17:56 [I] Upload file `/Users/yangchao/octopress/source/images/weifenfangcheng-1.png` => `<Key Prefix>weifenfangcheng-1.png` success
2017/06/29 18:17:56 [I] -------------Upload Result--------------
2017/06/29 18:17:56 [I]               Total:        25
2017/06/29 18:17:56 [I]             Success:        24
2017/06/29 18:17:56 [I]             Failure:         0
2017/06/29 18:17:56 [I]        NotOverwrite:         0
2017/06/29 18:17:56 [I]             Skipped:         1
2017/06/29 18:17:56 [I]            Duration:   46.91411732s
2017/06/29 18:17:56 [I] ----------------------------------------
